<?xml version="1.0" encoding="UTF-8"?>
<!-- Generated by org.testng.reporters.JUnitXMLReporter -->
<testsuite hostname="INHYTZPC02403" ignored="0" name="Different testNG features" tests="9" failures="0" timestamp="20 May 2019 12:08:15 GMT" time="85.89" errors="0">
  <testcase name="infinitetest" time="0.01" classname="com.test.exceptionTimeouttest"/>
  <testcase name="googleTitleTest" time="0.011" classname="com.test.Gogletitletest"/>
  <testcase name="googlelogoTest" time="0.04" classname="com.test.Gogletitletest"/>
  <testcase name="testCase2" time="0.001" classname="com.test.secondtest"/>
  <testcase name="googleLogoTest" time="0.042" classname="com.test.secondtest"/>
  <testcase name="mailLinkTest" time="0.039" classname="com.test.secondtest"/>
  <testcase name="googleTitleTest" time="0.008" classname="com.test.secondtest"/>
  <testcase name="testCase1" time="0.001" classname="com.test.secondtest"/>
  <testcase name="testCase3" time="0.001" classname="com.test.secondtest"/>
</testsuite> <!-- Different testNG features -->
